2024-09-25T13:13:51.758Z - Erro ao conectar no banco de dados: 
2024-09-26T02:01:53.462Z - Falha de login: Senha incorreta para o email - teste@gmail.com
2024-09-27T15:36:17.680Z - Falha de login: Senha incorreta para o email - ti@gmail.com
2024-09-27T16:26:13.497Z - Falha de login: Senha incorreta para o email - ti@gmail.com
2024-09-27T18:19:27.342Z - Erro ao conectar no banco de dados: 
2024-09-27T18:35:23.523Z - Falha de login: Senha incorreta para o email - ti@gmail.com
2024-09-28T00:50:01.837Z - Falha de login: Email não encontrado - andersonszesilva@gmail.com
2024-09-28T01:02:24.741Z - Enviando e-mail de recuperação para contato.dev.anderson@gmail.com com o token eyJhbGciOiJIUzI1NiIsInR5cCI6IkpXVCJ9.eyJpZCI6MiwiZW1haWwiOiJjb250YXRvLmRldi5hbmRlcnNvbkBnbWFpbC5jb20iLCJpYXQiOjE3Mjc0ODUzNDQsImV4cCI6MTcyNzQ4ODk0NH0.5wYBrKAXnPXy7BooUZWYtLHjvQRm_Vn6E7-XSGahfeM
2024-09-28T01:03:48.483Z - Enviando e-mail de recuperação para andersonazesilva@gmail.com com o token eyJhbGciOiJIUzI1NiIsInR5cCI6IkpXVCJ9.eyJpZCI6MSwiZW1haWwiOiJhbmRlcnNvbmF6ZXNpbHZhQGdtYWlsLmNvbSIsImlhdCI6MTcyNzQ4NTQyOCwiZXhwIjoxNzI3NDg5MDI4fQ.Pn_bnXr4MavUS9eDw_DjxXYK3-5exldt4i7_PwPX7P0
2024-09-28T01:20:54.377Z - Enviando e-mail de recuperação para andersonazesilva@gmail.com com o token eyJhbGciOiJIUzI1NiIsInR5cCI6IkpXVCJ9.eyJpZCI6MSwiZW1haWwiOiJhbmRlcnNvbmF6ZXNpbHZhQGdtYWlsLmNvbSIsImlhdCI6MTcyNzQ4NjQ1NCwiZXhwIjoxNzI3NDkwMDU0fQ.CG0c4-wzMOtNW4jIGWYhzR6j0zDcQoHwvbVusNONIbA
2024-09-28T01:30:37.694Z - Falha de login: Email não encontrado - andersonszesilva@gmail.com
2024-09-28T02:00:27.448Z - Falha de login: Email não encontrado - andersonszesilva@gmail.com
2024-09-28T13:26:29.833Z - Erro ao registrar usuário: Duplicate entry '109.169.074-06' for key 'cpf'
2024-09-28T17:38:31.204Z - Erro ao registrar usuário: Unknown column 'isAdmin' in 'field list'
2024-09-28T17:40:46.815Z - Erro ao registrar usuário: Unknown column 'isAdmin' in 'field list'
2024-09-28T19:19:41.763Z - Erro ao registrar usuário: Duplicate entry '015.910.697' for key 'cpf'
2024-09-28T19:21:12.481Z - Falha de login: Email não encontrado - nildamaria@gmail.com
2024-09-28T20:14:34.457Z - Falha de login: Email não encontrado - andersonszesilva@gmail.com
2024-09-28T20:23:51.670Z - Falha de login: Email não encontrado - nildamaria@gmail.com
2024-09-29T00:04:03.403Z - Falha de login: Email não encontrado - andersonazesilva@gmail.com
2024-09-29T00:45:32.684Z - Erro ao buscar ocorrências: Table 'appvozativa.incidents' doesn't exist
2024-09-29T00:47:02.853Z - Falha de login: Email não encontrado - andersonazesilva.gmail.com
2024-09-29T00:47:08.607Z - Falha de login: Email não encontrado - andersonazesilva.gmail.com
2024-09-29T00:47:38.841Z - Erro ao registrar usuário: Duplicate entry 'andersonazesilva@gmail.com' for key 'email'
2024-09-29T01:22:34.019Z - Falha de login: Email não encontrado - andersonazesilva.gmail.com
2024-09-29T01:25:24.899Z - Falha de login: Email não encontrado - andersonazesilva@gmail.con
2024-09-29T02:45:07.683Z - Erro ao conectar no banco de dados: 
2024-09-29T13:39:43.385Z - Erro ao acessar o banco de dados: Can't add new command when connection is in closed state
2024-09-29T13:50:55.433Z - Erro ao registrar usuário: Unknown column 'nivel' in 'field list'
2024-09-29T18:02:37.132Z - Erro ao registrar ou atualizar ocorrência: Cannot add or update a child row: a foreign key constraint fails (`appvozativa`.`incidents`, CONSTRAINT `incidents_ibfk_1` FOREIGN KEY (`user_id`) REFERENCES `usuarios` (`id`) ON DELETE CASCADE)
2024-09-29T18:23:53.114Z - Erro ao registrar ou atualizar ocorrência: Cannot add or update a child row: a foreign key constraint fails (`appvozativa`.`incidents`, CONSTRAINT `incidents_ibfk_1` FOREIGN KEY (`user_id`) REFERENCES `usuarios` (`id`) ON DELETE CASCADE)
2024-09-29T18:30:54.548Z - Erro ao registrar ou atualizar ocorrência: Table 'appvozativa.incidents' doesn't exist
2024-09-29T18:30:54.639Z - Erro ao buscar ocorrências: Table 'appvozativa.incidents' doesn't exist
2024-09-29T18:34:20.825Z - Erro ao buscar ocorrências: Table 'appvozativa.incidents' doesn't exist
2024-09-29T18:34:29.724Z - Erro ao registrar ou atualizar ocorrência: Table 'appvozativa.incidents' doesn't exist
2024-09-29T18:34:29.829Z - Erro ao buscar ocorrências: Table 'appvozativa.incidents' doesn't exist
2024-09-29T18:36:26.195Z - Erro ao registrar ou atualizar ocorrência: Unknown column 'protocolNumber' in 'where clause'
2024-09-29T18:38:20.747Z - Erro ao registrar ou atualizar ocorrência: Unknown column 'title' in 'field list'
2024-09-29T18:40:08.881Z - Erro ao registrar ou atualizar ocorrência: Unknown column 'description' in 'field list'
2024-09-29T18:47:19.539Z - Erro ao registrar ou atualizar ocorrência: Unknown column 'type' in 'field list'
2024-09-29T18:50:09.814Z - Erro ao registrar ou atualizar ocorrência: Unknown column 'images' in 'field list'
2024-09-29T19:34:21.638Z - Falha de login: Email não encontrado - teste@gmail.com.com
2024-09-29T22:58:11.126Z - Erro ao registrar usuário: Duplicate entry 'teste@gmail.com' for key 'email'
2024-09-30T12:17:22.511Z - Erro ao conectar no banco de dados: 
2024-09-30T16:55:31.125Z - Servidor rodando na porta 3000
2024-09-30T17:30:44.148Z - Falha de login: Email não encontrado - teste@admin.com
2024-09-30T20:10:27.362Z - Falha de login: Email não encontrado - teste@tes.com
2024-09-30T20:16:50.562Z - Falha de login: Senha incorreta para o email - andersonazesilva@gmail.com
2024-09-30T20:17:00.921Z - Falha de login: Senha incorreta para o email - andersonazesilva@gmail.com
2024-10-01T16:49:14.992Z - Erro ao conectar no banco de dados: 
2024-10-01T16:49:31.058Z - Erro ao conectar no banco de dados: 
2024-10-01T19:18:43.491Z - Falha de login: Email não encontrado - teste@gmail.com
2024-10-01T19:57:51.539Z - Erro ao registrar chamado: Unknown column 'titulo' in 'field list'
2024-10-02T15:07:15.042Z - Erro ao registrar ou atualizar ocorrência: Unknown column 'assignedTo' in 'field list'
2024-10-02T15:07:43.641Z - Erro ao registrar ou atualizar ocorrência: Unknown column 'assignedTo' in 'field list'
2024-10-02T15:08:00.707Z - Erro ao registrar ou atualizar ocorrência: Unknown column 'assignedTo' in 'field list'
2024-10-03T12:26:25.767Z - Erro ao conectar no banco de dados: 
2024-10-03T13:33:55.270Z - Falha de login: Email não encontrado - andersonszesilva@gmail.com
2024-10-03T16:35:59.543Z - Erro: Email ou senha não fornecidos.
2024-10-03T16:39:21.566Z - Erro: Email ou senha não fornecidos.
2024-10-03T16:39:44.931Z - Erro: Email ou senha não fornecidos.
2024-10-03T17:12:19.715Z - Erro: Email ou senha não fornecidos.
2024-10-03T17:14:20.389Z - Erro: Email ou senha não fornecidos.
2024-10-03T17:14:21.337Z - Erro: Email ou senha não fornecidos.
2024-10-03T17:14:21.939Z - Erro: Email ou senha não fornecidos.
2024-10-07T13:53:52.599Z - Falha de login: Email não encontrado - andersonazesilva@hotmail.com
2024-10-07T15:42:59.789Z - Falha de login: Email não encontrado - andersonazedilva@gmail.com
2024-10-07T15:47:11.571Z - Falha de login: Email não encontrado - andersonszesilva@gmail.com
2024-10-07T16:35:04.704Z - Falha de login: Senha incorreta para o email - andersonazesilva@gmail.com
2024-10-07T16:35:28.917Z - Falha de login: Senha incorreta para o email - andersonazesilva@gmail.com
2024-10-07T17:38:31.391Z - Falha de login: Email não encontrado - andersonszesilva@gmail.com
2024-10-07T18:09:30.716Z - Falha de login: Email não encontrado - andersonazesilba@gmail.com
